mode: set
github.com/jianfengye/hade/framework/provider/app/provider.go:13.88,15.2 1 1
github.com/jianfengye/hade/framework/provider/app/provider.go:18.63,19.2 0 1
github.com/jianfengye/hade/framework/provider/app/provider.go:22.49,24.2 1 1
github.com/jianfengye/hade/framework/provider/app/provider.go:27.57,29.2 1 1
github.com/jianfengye/hade/framework/provider/app/provider.go:32.48,34.2 1 1
github.com/jianfengye/hade/framework/provider/app/service.go:6.61,8.2 1 1
github.com/jianfengye/hade/framework/provider/app/service.go:11.38,13.2 1 0
github.com/jianfengye/hade/framework/provider/app/service.go:16.39,18.2 1 1
github.com/jianfengye/hade/framework/provider/app/service.go:21.41,23.2 1 0
github.com/jianfengye/hade/framework/provider/app/service.go:26.46,28.2 1 0
github.com/jianfengye/hade/framework/provider/app/service.go:31.42,33.2 1 1
github.com/jianfengye/hade/framework/provider/app/service.go:36.38,38.2 1 1
github.com/jianfengye/hade/framework/container.go:30.40,38.2 1 1
github.com/jianfengye/hade/framework/container.go:41.83,51.33 7 1
github.com/jianfengye/hade/framework/container.go:63.2,63.12 1 1
github.com/jianfengye/hade/framework/container.go:51.33,56.17 5 1
github.com/jianfengye/hade/framework/container.go:59.3,59.26 1 1
github.com/jianfengye/hade/framework/container.go:56.17,58.4 1 0
github.com/jianfengye/hade/framework/container.go:59.26,61.4 1 1
github.com/jianfengye/hade/framework/container.go:67.70,69.2 1 1
github.com/jianfengye/hade/framework/container.go:71.76,72.36 1 1
github.com/jianfengye/hade/framework/container.go:77.2,77.12 1 0
github.com/jianfengye/hade/framework/container.go:72.36,73.23 1 1
github.com/jianfengye/hade/framework/container.go:73.23,75.4 1 1
github.com/jianfengye/hade/framework/container.go:80.66,82.2 1 1
github.com/jianfengye/hade/framework/container.go:84.91,86.2 1 0
github.com/jianfengye/hade/framework/container.go:88.88,90.42 1 1
github.com/jianfengye/hade/framework/container.go:95.2,95.40 1 1
github.com/jianfengye/hade/framework/container.go:100.2,103.19 4 1
github.com/jianfengye/hade/framework/container.go:106.2,108.16 3 1
github.com/jianfengye/hade/framework/container.go:112.2,112.14 1 1
github.com/jianfengye/hade/framework/container.go:116.2,116.17 1 1
github.com/jianfengye/hade/framework/container.go:90.42,92.3 1 0
github.com/jianfengye/hade/framework/container.go:95.40,97.3 1 1
github.com/jianfengye/hade/framework/container.go:103.19,105.3 1 1
github.com/jianfengye/hade/framework/container.go:108.16,110.3 1 0
github.com/jianfengye/hade/framework/container.go:112.14,115.3 2 1
github.com/jianfengye/hade/framework/services.go:8.69,10.16 2 0
github.com/jianfengye/hade/framework/services.go:13.2,13.16 1 0
github.com/jianfengye/hade/framework/services.go:18.2,18.17 1 0
github.com/jianfengye/hade/framework/services.go:10.16,12.3 1 0
github.com/jianfengye/hade/framework/services.go:13.16,14.41 1 0
github.com/jianfengye/hade/framework/services.go:14.41,16.4 1 0
github.com/jianfengye/hade/gin/render/data.go:16.57,20.2 3 1
github.com/jianfengye/hade/gin/render/data.go:23.55,25.2 1 1
github.com/jianfengye/hade/gin/render/html.go:50.72,56.2 1 1
github.com/jianfengye/hade/gin/render/html.go:59.67,65.2 1 1
github.com/jianfengye/hade/gin/render/html.go:66.54,67.22 1 1
github.com/jianfengye/hade/gin/render/html.go:70.2,70.22 1 1
github.com/jianfengye/hade/gin/render/html.go:73.2,73.18 1 1
github.com/jianfengye/hade/gin/render/html.go:76.2,76.74 1 1
github.com/jianfengye/hade/gin/render/html.go:67.22,69.3 1 1
github.com/jianfengye/hade/gin/render/html.go:70.22,72.3 1 1
github.com/jianfengye/hade/gin/render/html.go:73.18,75.3 1 1
github.com/jianfengye/hade/gin/render/html.go:80.51,83.18 2 1
github.com/jianfengye/hade/gin/render/html.go:86.2,86.54 1 1
github.com/jianfengye/hade/gin/render/html.go:83.18,85.3 1 1
github.com/jianfengye/hade/gin/render/html.go:90.55,92.2 1 1
github.com/jianfengye/hade/gin/render/protobuf.go:21.55,25.16 3 1
github.com/jianfengye/hade/gin/render/protobuf.go:29.2,30.12 2 1
github.com/jianfengye/hade/gin/render/protobuf.go:25.16,27.3 1 1
github.com/jianfengye/hade/gin/render/protobuf.go:34.59,36.2 1 1
github.com/jianfengye/hade/gin/render/reader.go:22.59,28.2 5 1
github.com/jianfengye/hade/gin/render/reader.go:31.57,33.2 1 1
github.com/jianfengye/hade/gin/render/reader.go:36.80,38.28 2 1
github.com/jianfengye/hade/gin/render/reader.go:38.28,39.26 1 1
github.com/jianfengye/hade/gin/render/reader.go:39.26,41.4 1 1
github.com/jianfengye/hade/gin/render/xml.go:20.50,23.2 2 1
github.com/jianfengye/hade/gin/render/xml.go:26.54,28.2 1 1
github.com/jianfengye/hade/gin/render/json.go:56.57,57.44 1 1
github.com/jianfengye/hade/gin/render/json.go:60.2,60.8 1 1
github.com/jianfengye/hade/gin/render/json.go:57.44,58.13 1 1
github.com/jianfengye/hade/gin/render/json.go:64.55,66.2 1 1
github.com/jianfengye/hade/gin/render/json.go:69.62,72.16 3 1
github.com/jianfengye/hade/gin/render/json.go:75.2,76.12 2 1
github.com/jianfengye/hade/gin/render/json.go:72.16,74.3 1 1
github.com/jianfengye/hade/gin/render/json.go:80.59,83.16 3 1
github.com/jianfengye/hade/gin/render/json.go:86.2,87.12 2 1
github.com/jianfengye/hade/gin/render/json.go:83.16,85.3 1 1
github.com/jianfengye/hade/gin/render/json.go:91.63,93.2 1 1
github.com/jianfengye/hade/gin/render/json.go:96.57,99.16 3 1
github.com/jianfengye/hade/gin/render/json.go:103.2,103.88 1 1
github.com/jianfengye/hade/gin/render/json.go:109.2,110.12 2 1
github.com/jianfengye/hade/gin/render/json.go:99.16,101.3 1 1
github.com/jianfengye/hade/gin/render/json.go:103.88,105.17 2 1
github.com/jianfengye/hade/gin/render/json.go:105.17,107.4 1 0
github.com/jianfengye/hade/gin/render/json.go:114.61,116.2 1 1
github.com/jianfengye/hade/gin/render/json.go:119.62,122.16 3 1
github.com/jianfengye/hade/gin/render/json.go:126.2,126.22 1 1
github.com/jianfengye/hade/gin/render/json.go:131.2,133.16 3 1
github.com/jianfengye/hade/gin/render/json.go:136.2,137.16 2 1
github.com/jianfengye/hade/gin/render/json.go:140.2,141.16 2 1
github.com/jianfengye/hade/gin/render/json.go:144.2,145.16 2 1
github.com/jianfengye/hade/gin/render/json.go:149.2,149.12 1 1
github.com/jianfengye/hade/gin/render/json.go:122.16,124.3 1 1
github.com/jianfengye/hade/gin/render/json.go:126.22,129.3 2 1
github.com/jianfengye/hade/gin/render/json.go:133.16,135.3 1 0
github.com/jianfengye/hade/gin/render/json.go:137.16,139.3 1 0
github.com/jianfengye/hade/gin/render/json.go:141.16,143.3 1 0
github.com/jianfengye/hade/gin/render/json.go:145.16,147.3 1 0
github.com/jianfengye/hade/gin/render/json.go:153.60,155.2 1 1
github.com/jianfengye/hade/gin/render/json.go:158.62,161.16 3 1
github.com/jianfengye/hade/gin/render/json.go:165.2,166.32 2 1
github.com/jianfengye/hade/gin/render/json.go:174.2,175.12 2 1
github.com/jianfengye/hade/gin/render/json.go:161.16,163.3 1 1
github.com/jianfengye/hade/gin/render/json.go:166.32,168.15 2 1
github.com/jianfengye/hade/gin/render/json.go:171.3,171.26 1 1
github.com/jianfengye/hade/gin/render/json.go:168.15,170.4 1 1
github.com/jianfengye/hade/gin/render/json.go:179.60,181.2 1 1
github.com/jianfengye/hade/gin/render/json.go:184.55,189.2 4 1
github.com/jianfengye/hade/gin/render/json.go:192.59,194.2 1 1
github.com/jianfengye/hade/gin/render/msgpack.go:21.58,23.2 1 1
github.com/jianfengye/hade/gin/render/msgpack.go:26.54,28.2 1 1
github.com/jianfengye/hade/gin/render/msgpack.go:31.65,35.2 3 1
github.com/jianfengye/hade/gin/render/redirect.go:20.55,21.116 1 1
github.com/jianfengye/hade/gin/render/redirect.go:24.2,25.12 2 1
github.com/jianfengye/hade/gin/render/redirect.go:21.116,22.68 1 1
github.com/jianfengye/hade/gin/render/redirect.go:29.58,29.59 0 1
github.com/jianfengye/hade/gin/render/render.go:36.62,38.50 2 1
github.com/jianfengye/hade/gin/render/render.go:38.50,40.3 1 1
github.com/jianfengye/hade/gin/render/text.go:22.53,24.2 1 1
github.com/jianfengye/hade/gin/render/text.go:27.57,29.2 1 1
github.com/jianfengye/hade/gin/render/text.go:32.88,34.19 2 1
github.com/jianfengye/hade/gin/render/text.go:38.2,39.8 2 1
github.com/jianfengye/hade/gin/render/text.go:34.19,37.3 2 1
github.com/jianfengye/hade/gin/render/yaml.go:21.51,25.16 3 1
github.com/jianfengye/hade/gin/render/yaml.go:29.2,30.12 2 1
github.com/jianfengye/hade/gin/render/yaml.go:25.16,27.3 1 1
github.com/jianfengye/hade/gin/render/yaml.go:34.55,36.2 1 1
github.com/jianfengye/hade/gin/binding/form.go:19.34,21.2 1 1
github.com/jianfengye/hade/gin/binding/form.go:23.67,24.40 1 1
github.com/jianfengye/hade/gin/binding/form.go:27.2,27.62 1 1
github.com/jianfengye/hade/gin/binding/form.go:32.2,32.47 1 1
github.com/jianfengye/hade/gin/binding/form.go:35.2,35.22 1 1
github.com/jianfengye/hade/gin/binding/form.go:24.40,26.3 1 1
github.com/jianfengye/hade/gin/binding/form.go:27.62,28.34 1 1
github.com/jianfengye/hade/gin/binding/form.go:28.34,30.4 1 1
github.com/jianfengye/hade/gin/binding/form.go:32.47,34.3 1 1
github.com/jianfengye/hade/gin/binding/form.go:38.38,40.2 1 1
github.com/jianfengye/hade/gin/binding/form.go:42.71,43.40 1 1
github.com/jianfengye/hade/gin/binding/form.go:46.2,46.51 1 1
github.com/jianfengye/hade/gin/binding/form.go:49.2,49.22 1 1
github.com/jianfengye/hade/gin/binding/form.go:43.40,45.3 1 1
github.com/jianfengye/hade/gin/binding/form.go:46.51,48.3 1 1
github.com/jianfengye/hade/gin/binding/form.go:52.43,54.2 1 1
github.com/jianfengye/hade/gin/binding/form.go:56.76,57.62 1 1
github.com/jianfengye/hade/gin/binding/form.go:60.2,60.76 1 1
github.com/jianfengye/hade/gin/binding/form.go:64.2,64.22 1 1
github.com/jianfengye/hade/gin/binding/form.go:57.62,59.3 1 1
github.com/jianfengye/hade/gin/binding/form.go:60.76,62.3 1 1
github.com/jianfengye/hade/gin/binding/form.go:76.138,77.51 1 1
github.com/jianfengye/hade/gin/binding/form.go:88.2,88.65 1 1
github.com/jianfengye/hade/gin/binding/form.go:77.51,79.17 2 1
github.com/jianfengye/hade/gin/binding/form.go:82.3,82.18 1 1
github.com/jianfengye/hade/gin/binding/form.go:79.17,81.4 1 1
github.com/jianfengye/hade/gin/binding/form.go:82.18,85.4 2 1
github.com/jianfengye/hade/gin/binding/form_mapping.go:20.59,22.2 1 1
github.com/jianfengye/hade/gin/binding/form_mapping.go:24.63,26.2 1 1
github.com/jianfengye/hade/gin/binding/form_mapping.go:30.80,32.2 1 1
github.com/jianfengye/hade/gin/binding/form_mapping.go:44.139,46.2 1 1
github.com/jianfengye/hade/gin/binding/form_mapping.go:48.69,51.2 2 1
github.com/jianfengye/hade/gin/binding/form_mapping.go:53.103,56.26 2 1
github.com/jianfengye/hade/gin/binding/form_mapping.go:73.2,74.16 2 1
github.com/jianfengye/hade/gin/binding/form_mapping.go:77.2,77.8 1 1
github.com/jianfengye/hade/gin/binding/form_mapping.go:81.2,81.29 1 1
github.com/jianfengye/hade/gin/binding/form_mapping.go:97.2,97.19 1 1
github.com/jianfengye/hade/gin/binding/form_mapping.go:56.26,59.20 3 1
github.com/jianfengye/hade/gin/binding/form_mapping.go:63.3,64.17 2 1
github.com/jianfengye/hade/gin/binding/form_mapping.go:67.3,67.24 1 1
github.com/jianfengye/hade/gin/binding/form_mapping.go:70.3,70.23 1 1
github.com/jianfengye/hade/gin/binding/form_mapping.go:59.20,62.4 2 1
github.com/jianfengye/hade/gin/binding/form_mapping.go:64.17,66.4 1 1
github.com/jianfengye/hade/gin/binding/form_mapping.go:67.24,69.4 1 1
github.com/jianfengye/hade/gin/binding/form_mapping.go:74.16,76.3 1 1
github.com/jianfengye/hade/gin/binding/form_mapping.go:77.8,79.3 1 1
github.com/jianfengye/hade/gin/binding/form_mapping.go:81.29,85.41 3 1
github.com/jianfengye/hade/gin/binding/form_mapping.go:95.3,95.23 1 1
github.com/jianfengye/hade/gin/binding/form_mapping.go:85.41,86.32 1 1
github.com/jianfengye/hade/gin/binding/form_mapping.go:89.4,90.18 2 1
github.com/jianfengye/hade/gin/binding/form_mapping.go:93.4,93.29 1 1
github.com/jianfengye/hade/gin/binding/form_mapping.go:86.32,87.13 1 1
github.com/jianfengye/hade/gin/binding/form_mapping.go:90.18,92.5 1 1
github.com/jianfengye/hade/gin/binding/form_mapping.go:105.109,112.21 5 1
github.com/jianfengye/hade/gin/binding/form_mapping.go:115.2,115.20 1 1
github.com/jianfengye/hade/gin/binding/form_mapping.go:118.2,118.20 1 1
github.com/jianfengye/hade/gin/binding/form_mapping.go:122.2,123.20 2 1
github.com/jianfengye/hade/gin/binding/form_mapping.go:134.2,134.54 1 1
github.com/jianfengye/hade/gin/binding/form_mapping.go:112.21,114.3 1 1
github.com/jianfengye/hade/gin/binding/form_mapping.go:115.20,117.3 1 1
github.com/jianfengye/hade/gin/binding/form_mapping.go:118.20,120.3 1 1
github.com/jianfengye/hade/gin/binding/form_mapping.go:123.20,127.12 3 1
github.com/jianfengye/hade/gin/binding/form_mapping.go:128.18,130.27 2 1
github.com/jianfengye/hade/gin/binding/form_mapping.go:137.150,139.33 2 1
github.com/jianfengye/hade/gin/binding/form_mapping.go:143.2,143.22 1 1
github.com/jianfengye/hade/gin/binding/form_mapping.go:139.33,141.3 1 1
github.com/jianfengye/hade/gin/binding/form_mapping.go:144.21,145.10 1 1
github.com/jianfengye/hade/gin/binding/form_mapping.go:148.3,148.42 1 1
github.com/jianfengye/hade/gin/binding/form_mapping.go:149.21,150.10 1 1
github.com/jianfengye/hade/gin/binding/form_mapping.go:153.3,153.29 1 1
github.com/jianfengye/hade/gin/binding/form_mapping.go:156.3,156.42 1 1
github.com/jianfengye/hade/gin/binding/form_mapping.go:157.10,159.10 2 1
github.com/jianfengye/hade/gin/binding/form_mapping.go:163.3,163.18 1 1
github.com/jianfengye/hade/gin/binding/form_mapping.go:166.3,166.52 1 1
github.com/jianfengye/hade/gin/binding/form_mapping.go:145.10,147.4 1 1
github.com/jianfengye/hade/gin/binding/form_mapping.go:150.10,152.4 1 1
github.com/jianfengye/hade/gin/binding/form_mapping.go:153.29,155.4 1 1
github.com/jianfengye/hade/gin/binding/form_mapping.go:159.10,161.4 1 1
github.com/jianfengye/hade/gin/binding/form_mapping.go:163.18,165.4 1 1
github.com/jianfengye/hade/gin/binding/form_mapping.go:170.90,171.22 1 1
github.com/jianfengye/hade/gin/binding/form_mapping.go:215.2,215.12 1 1
github.com/jianfengye/hade/gin/binding/form_mapping.go:172.19,173.36 1 1
github.com/jianfengye/hade/gin/binding/form_mapping.go:174.20,175.36 1 1
github.com/jianfengye/hade/gin/binding/form_mapping.go:176.21,177.37 1 1
github.com/jianfengye/hade/gin/binding/form_mapping.go:178.21,179.37 1 1
github.com/jianfengye/hade/gin/binding/form_mapping.go:180.21,181.35 1 1
github.com/jianfengye/hade/gin/binding/form_mapping.go:185.3,185.37 1 1
github.com/jianfengye/hade/gin/binding/form_mapping.go:186.20,187.37 1 1
github.com/jianfengye/hade/gin/binding/form_mapping.go:188.21,189.37 1 1
github.com/jianfengye/hade/gin/binding/form_mapping.go:190.22,191.38 1 1
github.com/jianfengye/hade/gin/binding/form_mapping.go:192.22,193.38 1 1
github.com/jianfengye/hade/gin/binding/form_mapping.go:194.22,195.38 1 1
github.com/jianfengye/hade/gin/binding/form_mapping.go:196.20,197.34 1 1
github.com/jianfengye/hade/gin/binding/form_mapping.go:198.23,199.39 1 1
github.com/jianfengye/hade/gin/binding/form_mapping.go:200.23,201.39 1 1
github.com/jianfengye/hade/gin/binding/form_mapping.go:202.22,203.23 1 1
github.com/jianfengye/hade/gin/binding/form_mapping.go:204.22,205.35 1 1
github.com/jianfengye/hade/gin/binding/form_mapping.go:209.3,209.63 1 1
github.com/jianfengye/hade/gin/binding/form_mapping.go:210.19,211.63 1 1
github.com/jianfengye/hade/gin/binding/form_mapping.go:212.10,213.24 1 1
github.com/jianfengye/hade/gin/binding/form_mapping.go:182.22,183.45 1 1
github.com/jianfengye/hade/gin/binding/form_mapping.go:206.18,207.42 1 1
github.com/jianfengye/hade/gin/binding/form_mapping.go:218.70,219.15 1 1
github.com/jianfengye/hade/gin/binding/form_mapping.go:222.2,223.16 2 1
github.com/jianfengye/hade/gin/binding/form_mapping.go:226.2,226.12 1 1
github.com/jianfengye/hade/gin/binding/form_mapping.go:219.15,221.3 1 1
github.com/jianfengye/hade/gin/binding/form_mapping.go:223.16,225.3 1 1
github.com/jianfengye/hade/gin/binding/form_mapping.go:229.71,230.15 1 1
github.com/jianfengye/hade/gin/binding/form_mapping.go:233.2,234.16 2 1
github.com/jianfengye/hade/gin/binding/form_mapping.go:237.2,237.12 1 1
github.com/jianfengye/hade/gin/binding/form_mapping.go:230.15,232.3 1 1
github.com/jianfengye/hade/gin/binding/form_mapping.go:234.16,236.3 1 1
github.com/jianfengye/hade/gin/binding/form_mapping.go:240.58,241.15 1 1
github.com/jianfengye/hade/gin/binding/form_mapping.go:244.2,245.16 2 1
github.com/jianfengye/hade/gin/binding/form_mapping.go:248.2,248.12 1 1
github.com/jianfengye/hade/gin/binding/form_mapping.go:241.15,243.3 1 1
github.com/jianfengye/hade/gin/binding/form_mapping.go:245.16,247.3 1 1
github.com/jianfengye/hade/gin/binding/form_mapping.go:251.72,252.15 1 1
github.com/jianfengye/hade/gin/binding/form_mapping.go:255.2,256.16 2 1
github.com/jianfengye/hade/gin/binding/form_mapping.go:259.2,259.12 1 1
github.com/jianfengye/hade/gin/binding/form_mapping.go:252.15,254.3 1 1
github.com/jianfengye/hade/gin/binding/form_mapping.go:256.16,258.3 1 1
github.com/jianfengye/hade/gin/binding/form_mapping.go:262.91,264.22 2 1
github.com/jianfengye/hade/gin/binding/form_mapping.go:268.2,268.15 1 1
github.com/jianfengye/hade/gin/binding/form_mapping.go:273.2,274.75 2 1
github.com/jianfengye/hade/gin/binding/form_mapping.go:278.2,278.66 1 1
github.com/jianfengye/hade/gin/binding/form_mapping.go:286.2,287.16 2 1
github.com/jianfengye/hade/gin/binding/form_mapping.go:291.2,292.12 2 1
github.com/jianfengye/hade/gin/binding/form_mapping.go:264.22,266.3 1 1
github.com/jianfengye/hade/gin/binding/form_mapping.go:268.15,271.3 2 1
github.com/jianfengye/hade/gin/binding/form_mapping.go:274.75,276.3 1 1
github.com/jianfengye/hade/gin/binding/form_mapping.go:278.66,280.17 2 1
github.com/jianfengye/hade/gin/binding/form_mapping.go:283.3,283.10 1 1
github.com/jianfengye/hade/gin/binding/form_mapping.go:280.17,282.4 1 1
github.com/jianfengye/hade/gin/binding/form_mapping.go:287.16,289.3 1 1
github.com/jianfengye/hade/gin/binding/form_mapping.go:295.84,296.25 1 1
github.com/jianfengye/hade/gin/binding/form_mapping.go:302.2,302.12 1 1
github.com/jianfengye/hade/gin/binding/form_mapping.go:296.25,298.17 2 1
github.com/jianfengye/hade/gin/binding/form_mapping.go:298.17,300.4 1 1
github.com/jianfengye/hade/gin/binding/form_mapping.go:305.84,308.16 3 1
github.com/jianfengye/hade/gin/binding/form_mapping.go:311.2,312.12 2 1
github.com/jianfengye/hade/gin/binding/form_mapping.go:308.16,310.3 1 1
github.com/jianfengye/hade/gin/binding/form_mapping.go:315.88,317.16 2 1
github.com/jianfengye/hade/gin/binding/form_mapping.go:320.2,321.12 2 1
github.com/jianfengye/hade/gin/binding/form_mapping.go:317.16,319.3 1 1
github.com/jianfengye/hade/gin/binding/form_mapping.go:324.55,326.13 2 1
github.com/jianfengye/hade/gin/binding/form_mapping.go:329.2,329.38 1 1
github.com/jianfengye/hade/gin/binding/form_mapping.go:326.13,328.3 1 1
github.com/jianfengye/hade/gin/binding/uri.go:9.33,11.2 1 1
github.com/jianfengye/hade/gin/binding/uri.go:13.73,14.39 1 1
github.com/jianfengye/hade/gin/binding/uri.go:17.2,17.22 1 1
github.com/jianfengye/hade/gin/binding/uri.go:14.39,16.3 1 1
github.com/jianfengye/hade/gin/binding/yaml.go:17.34,19.2 1 1
github.com/jianfengye/hade/gin/binding/yaml.go:21.67,23.2 1 1
github.com/jianfengye/hade/gin/binding/yaml.go:25.65,27.2 1 1
github.com/jianfengye/hade/gin/binding/yaml.go:29.53,31.44 2 1
github.com/jianfengye/hade/gin/binding/yaml.go:34.2,34.22 1 1
github.com/jianfengye/hade/gin/binding/yaml.go:31.44,33.3 1 1
github.com/jianfengye/hade/gin/binding/query.go:11.35,13.2 1 1
github.com/jianfengye/hade/gin/binding/query.go:15.68,17.45 2 1
github.com/jianfengye/hade/gin/binding/query.go:20.2,20.22 1 1
github.com/jianfengye/hade/gin/binding/query.go:17.45,19.3 1 1
github.com/jianfengye/hade/gin/binding/xml.go:16.33,18.2 1 1
github.com/jianfengye/hade/gin/binding/xml.go:20.66,22.2 1 1
github.com/jianfengye/hade/gin/binding/xml.go:24.64,26.2 1 1
github.com/jianfengye/hade/gin/binding/xml.go:27.52,29.44 2 1
github.com/jianfengye/hade/gin/binding/xml.go:32.2,32.22 1 1
github.com/jianfengye/hade/gin/binding/xml.go:29.44,31.3 1 1
github.com/jianfengye/hade/gin/binding/binding.go:85.50,86.21 1 1
github.com/jianfengye/hade/gin/binding/binding.go:90.2,90.21 1 1
github.com/jianfengye/hade/gin/binding/binding.go:86.21,88.3 1 1
github.com/jianfengye/hade/gin/binding/binding.go:91.16,92.14 1 1
github.com/jianfengye/hade/gin/binding/binding.go:93.25,94.13 1 1
github.com/jianfengye/hade/gin/binding/binding.go:95.20,96.18 1 1
github.com/jianfengye/hade/gin/binding/binding.go:97.33,98.17 1 1
github.com/jianfengye/hade/gin/binding/binding.go:99.16,100.14 1 1
github.com/jianfengye/hade/gin/binding/binding.go:101.29,102.23 1 1
github.com/jianfengye/hade/gin/binding/binding.go:103.10,104.14 1 1
github.com/jianfengye/hade/gin/binding/binding.go:108.38,109.22 1 1
github.com/jianfengye/hade/gin/binding/binding.go:112.2,112.38 1 1
github.com/jianfengye/hade/gin/binding/binding.go:109.22,111.3 1 1
github.com/jianfengye/hade/gin/binding/default_validator.go:22.66,25.30 3 1
github.com/jianfengye/hade/gin/binding/default_validator.go:28.2,28.33 1 1
github.com/jianfengye/hade/gin/binding/default_validator.go:34.2,34.12 1 1
github.com/jianfengye/hade/gin/binding/default_validator.go:25.30,27.3 1 1
github.com/jianfengye/hade/gin/binding/default_validator.go:28.33,30.48 2 1
github.com/jianfengye/hade/gin/binding/default_validator.go:30.48,32.4 1 1
github.com/jianfengye/hade/gin/binding/default_validator.go:41.49,44.2 2 1
github.com/jianfengye/hade/gin/binding/default_validator.go:46.39,47.19 1 1
github.com/jianfengye/hade/gin/binding/default_validator.go:47.19,50.3 2 1
github.com/jianfengye/hade/gin/binding/json.go:23.34,25.2 1 1
github.com/jianfengye/hade/gin/binding/json.go:27.67,28.35 1 1
github.com/jianfengye/hade/gin/binding/json.go:31.2,31.34 1 1
github.com/jianfengye/hade/gin/binding/json.go:28.35,30.3 1 1
github.com/jianfengye/hade/gin/binding/json.go:34.65,36.2 1 1
github.com/jianfengye/hade/gin/binding/json.go:38.53,40.28 2 1
github.com/jianfengye/hade/gin/binding/json.go:43.2,43.44 1 1
github.com/jianfengye/hade/gin/binding/json.go:46.2,46.22 1 1
github.com/jianfengye/hade/gin/binding/json.go:40.28,42.3 1 1
github.com/jianfengye/hade/gin/binding/json.go:43.44,45.3 1 1
github.com/jianfengye/hade/gin/binding/msgpack.go:17.37,19.2 1 1
github.com/jianfengye/hade/gin/binding/msgpack.go:21.70,23.2 1 1
github.com/jianfengye/hade/gin/binding/msgpack.go:25.68,27.2 1 1
github.com/jianfengye/hade/gin/binding/msgpack.go:29.56,31.62 2 1
github.com/jianfengye/hade/gin/binding/msgpack.go:34.2,34.22 1 1
github.com/jianfengye/hade/gin/binding/msgpack.go:31.62,33.3 1 1
github.com/jianfengye/hade/gin/binding/protobuf.go:16.38,18.2 1 1
github.com/jianfengye/hade/gin/binding/protobuf.go:20.73,22.16 2 1
github.com/jianfengye/hade/gin/binding/protobuf.go:25.2,25.29 1 1
github.com/jianfengye/hade/gin/binding/protobuf.go:22.16,24.3 1 1
github.com/jianfengye/hade/gin/binding/protobuf.go:28.69,29.67 1 1
github.com/jianfengye/hade/gin/binding/protobuf.go:34.2,34.12 1 1
github.com/jianfengye/hade/gin/binding/protobuf.go:29.67,31.3 1 1
github.com/jianfengye/hade/gin/response_writer.go:54.60,58.2 3 1
github.com/jianfengye/hade/gin/response_writer.go:60.48,61.34 1 1
github.com/jianfengye/hade/gin/response_writer.go:61.34,62.18 1 1
github.com/jianfengye/hade/gin/response_writer.go:65.3,65.18 1 1
github.com/jianfengye/hade/gin/response_writer.go:62.18,64.4 1 1
github.com/jianfengye/hade/gin/response_writer.go:69.43,70.18 1 1
github.com/jianfengye/hade/gin/response_writer.go:70.18,73.3 2 1
github.com/jianfengye/hade/gin/response_writer.go:76.64,81.2 4 1
github.com/jianfengye/hade/gin/response_writer.go:83.67,88.2 4 1
github.com/jianfengye/hade/gin/response_writer.go:90.39,92.2 1 1
github.com/jianfengye/hade/gin/response_writer.go:94.37,96.2 1 1
github.com/jianfengye/hade/gin/response_writer.go:98.41,100.2 1 1
github.com/jianfengye/hade/gin/response_writer.go:103.72,104.16 1 1
github.com/jianfengye/hade/gin/response_writer.go:107.2,107.50 1 1
github.com/jianfengye/hade/gin/response_writer.go:104.16,106.3 1 1
github.com/jianfengye/hade/gin/response_writer.go:111.52,113.2 1 1
github.com/jianfengye/hade/gin/response_writer.go:116.34,119.2 2 1
github.com/jianfengye/hade/gin/response_writer.go:121.56,122.54 1 1
github.com/jianfengye/hade/gin/response_writer.go:125.2,125.12 1 1
github.com/jianfengye/hade/gin/response_writer.go:122.54,124.3 1 0
github.com/jianfengye/hade/gin/routergroup.go:51.66,54.2 2 1
github.com/jianfengye/hade/gin/routergroup.go:58.92,64.2 1 1
github.com/jianfengye/hade/gin/routergroup.go:68.45,70.2 1 1
github.com/jianfengye/hade/gin/routergroup.go:72.99,77.2 4 1
github.com/jianfengye/hade/gin/routergroup.go:89.100,90.88 1 1
github.com/jianfengye/hade/gin/routergroup.go:93.2,93.57 1 1
github.com/jianfengye/hade/gin/routergroup.go:90.88,91.55 1 1
github.com/jianfengye/hade/gin/routergroup.go:97.86,99.2 1 1
github.com/jianfengye/hade/gin/routergroup.go:102.85,104.2 1 1
github.com/jianfengye/hade/gin/routergroup.go:107.88,109.2 1 1
github.com/jianfengye/hade/gin/routergroup.go:112.87,114.2 1 1
github.com/jianfengye/hade/gin/routergroup.go:117.85,119.2 1 1
github.com/jianfengye/hade/gin/routergroup.go:122.89,124.2 1 1
github.com/jianfengye/hade/gin/routergroup.go:127.86,129.2 1 1
github.com/jianfengye/hade/gin/routergroup.go:133.85,144.2 10 1
github.com/jianfengye/hade/gin/routergroup.go:148.77,149.80 1 1
github.com/jianfengye/hade/gin/routergroup.go:152.2,152.30 1 1
github.com/jianfengye/hade/gin/routergroup.go:155.2,157.26 3 1
github.com/jianfengye/hade/gin/routergroup.go:149.80,150.69 1 1
github.com/jianfengye/hade/gin/routergroup.go:152.30,154.3 1 1
github.com/jianfengye/hade/gin/routergroup.go:166.69,168.2 1 1
github.com/jianfengye/hade/gin/routergroup.go:172.85,173.80 1 1
github.com/jianfengye/hade/gin/routergroup.go:176.2,182.26 5 1
github.com/jianfengye/hade/gin/routergroup.go:173.80,174.71 1 1
github.com/jianfengye/hade/gin/routergroup.go:185.100,189.26 3 1
github.com/jianfengye/hade/gin/routergroup.go:189.26,190.51 1 1
github.com/jianfengye/hade/gin/routergroup.go:194.3,196.42 2 1
github.com/jianfengye/hade/gin/routergroup.go:204.3,204.44 1 1
github.com/jianfengye/hade/gin/routergroup.go:190.51,192.4 1 1
github.com/jianfengye/hade/gin/routergroup.go:196.42,202.4 4 1
github.com/jianfengye/hade/gin/routergroup.go:208.81,210.34 2 1
github.com/jianfengye/hade/gin/routergroup.go:213.2,216.23 4 1
github.com/jianfengye/hade/gin/routergroup.go:210.34,211.29 1 1
github.com/jianfengye/hade/gin/routergroup.go:219.77,221.2 1 1
github.com/jianfengye/hade/gin/routergroup.go:223.47,224.16 1 1
github.com/jianfengye/hade/gin/routergroup.go:227.2,227.14 1 1
github.com/jianfengye/hade/gin/routergroup.go:224.16,226.3 1 1
github.com/jianfengye/hade/gin/utils.go:21.40,23.33 2 1
github.com/jianfengye/hade/gin/utils.go:28.2,30.26 2 1
github.com/jianfengye/hade/gin/utils.go:23.33,26.3 1 1
github.com/jianfengye/hade/gin/utils.go:30.26,32.25 2 1
github.com/jianfengye/hade/gin/utils.go:32.25,34.4 1 1
github.com/jianfengye/hade/gin/utils.go:39.44,40.26 1 1
github.com/jianfengye/hade/gin/utils.go:40.26,42.3 1 1
github.com/jianfengye/hade/gin/utils.go:46.40,47.26 1 1
github.com/jianfengye/hade/gin/utils.go:47.26,49.3 1 1
github.com/jianfengye/hade/gin/utils.go:56.69,61.45 2 1
github.com/jianfengye/hade/gin/utils.go:64.2,64.28 1 1
github.com/jianfengye/hade/gin/utils.go:74.2,74.56 1 1
github.com/jianfengye/hade/gin/utils.go:61.45,63.3 1 0
github.com/jianfengye/hade/gin/utils.go:64.28,69.54 2 1
github.com/jianfengye/hade/gin/utils.go:69.54,71.4 1 1
github.com/jianfengye/hade/gin/utils.go:77.39,78.12 1 1
github.com/jianfengye/hade/gin/utils.go:78.12,79.14 1 1
github.com/jianfengye/hade/gin/utils.go:83.41,84.31 1 1
github.com/jianfengye/hade/gin/utils.go:89.2,89.16 1 1
github.com/jianfengye/hade/gin/utils.go:84.31,85.33 1 1
github.com/jianfengye/hade/gin/utils.go:85.33,87.4 1 1
github.com/jianfengye/hade/gin/utils.go:92.59,93.19 1 1
github.com/jianfengye/hade/gin/utils.go:99.2,99.15 1 1
github.com/jianfengye/hade/gin/utils.go:93.19,94.22 1 1
github.com/jianfengye/hade/gin/utils.go:97.3,97.18 1 1
github.com/jianfengye/hade/gin/utils.go:94.22,95.42 1 1
github.com/jianfengye/hade/gin/utils.go:102.48,105.29 3 1
github.com/jianfengye/hade/gin/utils.go:110.2,110.12 1 1
github.com/jianfengye/hade/gin/utils.go:105.29,106.72 1 1
github.com/jianfengye/hade/gin/utils.go:106.72,108.4 1 1
github.com/jianfengye/hade/gin/utils.go:113.33,114.15 1 1
github.com/jianfengye/hade/gin/utils.go:117.2,117.24 1 1
github.com/jianfengye/hade/gin/utils.go:114.15,115.47 1 1
github.com/jianfengye/hade/gin/utils.go:120.43,122.2 1 1
github.com/jianfengye/hade/gin/utils.go:124.58,125.24 1 1
github.com/jianfengye/hade/gin/utils.go:129.2,131.17 3 1
github.com/jianfengye/hade/gin/utils.go:134.2,134.18 1 1
github.com/jianfengye/hade/gin/utils.go:125.24,127.3 1 1
github.com/jianfengye/hade/gin/utils.go:131.17,133.3 1 1
github.com/jianfengye/hade/gin/utils.go:137.43,138.19 1 1
github.com/jianfengye/hade/gin/utils.go:139.9,140.44 1 1
github.com/jianfengye/hade/gin/utils.go:144.3,145.17 2 0
github.com/jianfengye/hade/gin/utils.go:146.9,147.17 1 1
github.com/jianfengye/hade/gin/utils.go:148.10,149.31 1 1
github.com/jianfengye/hade/gin/utils.go:140.44,143.4 2 1
github.com/jianfengye/hade/gin/debug.go:21.25,23.2 1 1
github.com/jianfengye/hade/gin/debug.go:28.79,29.19 1 1
github.com/jianfengye/hade/gin/debug.go:29.19,32.33 3 1
github.com/jianfengye/hade/gin/debug.go:32.33,34.4 1 1
github.com/jianfengye/hade/gin/debug.go:34.9,36.4 1 0
github.com/jianfengye/hade/gin/debug.go:40.54,41.19 1 1
github.com/jianfengye/hade/gin/debug.go:41.19,43.41 2 1
github.com/jianfengye/hade/gin/debug.go:48.3,48.88 1 1
github.com/jianfengye/hade/gin/debug.go:43.41,47.4 3 1
github.com/jianfengye/hade/gin/debug.go:52.55,53.19 1 1
github.com/jianfengye/hade/gin/debug.go:53.19,54.39 1 1
github.com/jianfengye/hade/gin/debug.go:57.3,57.59 1 1
github.com/jianfengye/hade/gin/debug.go:54.39,56.4 1 1
github.com/jianfengye/hade/gin/debug.go:61.42,64.19 3 1
github.com/jianfengye/hade/gin/debug.go:67.2,67.51 1 1
github.com/jianfengye/hade/gin/debug.go:64.19,66.3 1 1
github.com/jianfengye/hade/gin/debug.go:70.33,71.79 1 1
github.com/jianfengye/hade/gin/debug.go:76.2,78.3 1 1
github.com/jianfengye/hade/gin/debug.go:71.79,75.3 1 0
github.com/jianfengye/hade/gin/debug.go:81.29,87.2 1 1
github.com/jianfengye/hade/gin/debug.go:89.41,97.2 1 1
github.com/jianfengye/hade/gin/debug.go:99.33,100.16 1 1
github.com/jianfengye/hade/gin/debug.go:100.16,102.3 1 1
github.com/jianfengye/hade/gin/deprecated.go:15.70,21.2 2 1
github.com/jianfengye/hade/gin/hade.go:8.91,10.2 1 0
github.com/jianfengye/hade/gin/hade.go:13.82,15.2 1 0
github.com/jianfengye/hade/gin/logger.go:81.55,84.9 2 1
github.com/jianfengye/hade/gin/logger.go:85.66,86.15 1 1
github.com/jianfengye/hade/gin/logger.go:87.74,88.15 1 1
github.com/jianfengye/hade/gin/logger.go:89.78,90.16 1 1
github.com/jianfengye/hade/gin/logger.go:91.10,92.13 1 1
github.com/jianfengye/hade/gin/logger.go:97.51,100.16 2 1
github.com/jianfengye/hade/gin/logger.go:101.13,102.14 1 1
github.com/jianfengye/hade/gin/logger.go:103.14,104.14 1 1
github.com/jianfengye/hade/gin/logger.go:105.13,106.16 1 1
github.com/jianfengye/hade/gin/logger.go:107.16,108.13 1 1
github.com/jianfengye/hade/gin/logger.go:109.15,110.15 1 1
github.com/jianfengye/hade/gin/logger.go:111.14,112.17 1 1
github.com/jianfengye/hade/gin/logger.go:113.17,114.15 1 1
github.com/jianfengye/hade/gin/logger.go:115.10,116.15 1 1
github.com/jianfengye/hade/gin/logger.go:121.50,123.2 1 1
github.com/jianfengye/hade/gin/logger.go:126.51,128.2 1 1
github.com/jianfengye/hade/gin/logger.go:131.65,133.27 2 1
github.com/jianfengye/hade/gin/logger.go:139.2,139.33 1 1
github.com/jianfengye/hade/gin/logger.go:143.2,151.3 1 1
github.com/jianfengye/hade/gin/logger.go:133.27,137.3 3 1
github.com/jianfengye/hade/gin/logger.go:139.33,142.3 1 1
github.com/jianfengye/hade/gin/logger.go:155.28,157.2 1 1
github.com/jianfengye/hade/gin/logger.go:160.26,162.2 1 1
github.com/jianfengye/hade/gin/logger.go:165.32,167.2 1 1
github.com/jianfengye/hade/gin/logger.go:170.46,171.26 1 1
github.com/jianfengye/hade/gin/logger.go:171.26,174.22 3 1
github.com/jianfengye/hade/gin/logger.go:174.22,176.4 1 1
github.com/jianfengye/hade/gin/logger.go:182.27,184.2 1 1
github.com/jianfengye/hade/gin/logger.go:187.54,191.2 1 1
github.com/jianfengye/hade/gin/logger.go:195.71,200.2 1 1
github.com/jianfengye/hade/gin/logger.go:203.54,205.22 2 1
github.com/jianfengye/hade/gin/logger.go:209.2,210.16 2 1
github.com/jianfengye/hade/gin/logger.go:214.2,219.68 3 1
github.com/jianfengye/hade/gin/logger.go:223.2,225.42 2 1
github.com/jianfengye/hade/gin/logger.go:233.2,233.26 1 1
github.com/jianfengye/hade/gin/logger.go:205.22,207.3 1 1
github.com/jianfengye/hade/gin/logger.go:210.16,212.3 1 1
github.com/jianfengye/hade/gin/logger.go:219.68,221.3 1 1
github.com/jianfengye/hade/gin/logger.go:225.42,228.34 2 1
github.com/jianfengye/hade/gin/logger.go:228.34,230.4 1 1
github.com/jianfengye/hade/gin/logger.go:233.26,243.31 5 1
github.com/jianfengye/hade/gin/logger.go:243.31,261.17 9 1
github.com/jianfengye/hade/gin/logger.go:265.4,267.37 2 1
github.com/jianfengye/hade/gin/logger.go:261.17,263.5 1 1
github.com/jianfengye/hade/gin/tree.go:26.50,27.27 1 1
github.com/jianfengye/hade/gin/tree.go:32.2,32.18 1 1
github.com/jianfengye/hade/gin/tree.go:27.27,28.24 1 1
github.com/jianfengye/hade/gin/tree.go:28.24,30.4 1 1
github.com/jianfengye/hade/gin/tree.go:37.50,40.2 2 1
github.com/jianfengye/hade/gin/tree.go:49.51,50.29 1 1
github.com/jianfengye/hade/gin/tree.go:55.2,55.12 1 1
github.com/jianfengye/hade/gin/tree.go:50.29,51.28 1 1
github.com/jianfengye/hade/gin/tree.go:51.28,53.4 1 1
github.com/jianfengye/hade/gin/tree.go:58.24,59.12 1 1
github.com/jianfengye/hade/gin/tree.go:62.2,62.10 1 1
github.com/jianfengye/hade/gin/tree.go:59.12,61.3 1 1
github.com/jianfengye/hade/gin/tree.go:65.37,67.33 2 1
github.com/jianfengye/hade/gin/tree.go:73.2,73.14 1 1
github.com/jianfengye/hade/gin/tree.go:76.2,76.17 1 1
github.com/jianfengye/hade/gin/tree.go:67.33,68.39 1 1
github.com/jianfengye/hade/gin/tree.go:71.3,71.6 1 1
github.com/jianfengye/hade/gin/tree.go:68.39,69.12 1 1
github.com/jianfengye/hade/gin/tree.go:73.14,75.3 1 1
github.com/jianfengye/hade/gin/tree.go:100.48,106.57 4 1
github.com/jianfengye/hade/gin/tree.go:114.2,114.19 1 1
github.com/jianfengye/hade/gin/tree.go:120.2,120.15 1 1
github.com/jianfengye/hade/gin/tree.go:106.57,111.3 2 1
github.com/jianfengye/hade/gin/tree.go:114.19,118.3 1 1
github.com/jianfengye/hade/gin/tree.go:125.62,131.44 4 1
github.com/jianfengye/hade/gin/tree.go:131.44,133.7 1 1
github.com/jianfengye/hade/gin/tree.go:133.7,135.31 1 1
github.com/jianfengye/hade/gin/tree.go:142.4,144.40 3 1
github.com/jianfengye/hade/gin/tree.go:149.4,149.23 1 1
github.com/jianfengye/hade/gin/tree.go:175.4,175.21 1 1
github.com/jianfengye/hade/gin/tree.go:246.4,246.10 1 1
github.com/jianfengye/hade/gin/tree.go:135.31,137.5 1 1
github.com/jianfengye/hade/gin/tree.go:144.40,146.5 1 1
github.com/jianfengye/hade/gin/tree.go:149.23,160.35 2 1
github.com/jianfengye/hade/gin/tree.go:166.5,171.24 5 1
github.com/jianfengye/hade/gin/tree.go:160.35,161.55 1 1
github.com/jianfengye/hade/gin/tree.go:161.55,163.7 1 1
github.com/jianfengye/hade/gin/tree.go:175.21,178.20 2 1
github.com/jianfengye/hade/gin/tree.go:208.5,211.61 2 1
github.com/jianfengye/hade/gin/tree.go:218.5,218.41 1 1
github.com/jianfengye/hade/gin/tree.go:227.5,227.29 1 1
github.com/jianfengye/hade/gin/tree.go:237.5,238.11 2 1
github.com/jianfengye/hade/gin/tree.go:178.20,183.33 3 1
github.com/jianfengye/hade/gin/tree.go:186.6,189.66 2 1
github.com/jianfengye/hade/gin/tree.go:196.6,197.29 2 1
github.com/jianfengye/hade/gin/tree.go:200.6,205.11 2 1
github.com/jianfengye/hade/gin/tree.go:183.33,185.7 1 1
github.com/jianfengye/hade/gin/tree.go:189.66,191.63 1 1
github.com/jianfengye/hade/gin/tree.go:191.63,192.21 1 1
github.com/jianfengye/hade/gin/tree.go:197.29,199.7 1 1
github.com/jianfengye/hade/gin/tree.go:211.61,214.19 3 1
github.com/jianfengye/hade/gin/tree.go:218.41,219.27 1 1
github.com/jianfengye/hade/gin/tree.go:219.27,222.20 3 1
github.com/jianfengye/hade/gin/tree.go:227.29,236.6 5 1
github.com/jianfengye/hade/gin/tree.go:240.10,240.29 1 1
github.com/jianfengye/hade/gin/tree.go:240.29,241.26 1 1
github.com/jianfengye/hade/gin/tree.go:244.5,244.26 1 1
github.com/jianfengye/hade/gin/tree.go:241.26,242.74 1 1
github.com/jianfengye/hade/gin/tree.go:248.8,251.3 2 1
github.com/jianfengye/hade/gin/tree.go:254.99,258.49 2 1
github.com/jianfengye/hade/gin/tree.go:363.2,364.23 2 1
github.com/jianfengye/hade/gin/tree.go:258.49,260.27 2 1
github.com/jianfengye/hade/gin/tree.go:265.3,266.37 2 1
github.com/jianfengye/hade/gin/tree.go:279.3,279.26 1 1
github.com/jianfengye/hade/gin/tree.go:285.3,285.16 1 1
github.com/jianfengye/hade/gin/tree.go:289.3,289.15 1 1
github.com/jianfengye/hade/gin/tree.go:260.27,261.12 1 1
github.com/jianfengye/hade/gin/tree.go:266.37,267.21 1 1
github.com/jianfengye/hade/gin/tree.go:269.18,271.48 1 1
github.com/jianfengye/hade/gin/tree.go:272.12,273.10 1 1
github.com/jianfengye/hade/gin/tree.go:279.26,281.69 1 1
github.com/jianfengye/hade/gin/tree.go:285.16,286.85 1 1
github.com/jianfengye/hade/gin/tree.go:289.15,291.13 1 1
github.com/jianfengye/hade/gin/tree.go:296.4,308.17 7 1
github.com/jianfengye/hade/gin/tree.go:291.13,294.5 2 1
github.com/jianfengye/hade/gin/tree.go:308.17,318.5 5 1
github.com/jianfengye/hade/gin/tree.go:320.9,321.35 1 1
github.com/jianfengye/hade/gin/tree.go:325.4,325.55 1 1
github.com/jianfengye/hade/gin/tree.go:330.4,331.22 2 1
github.com/jianfengye/hade/gin/tree.go:335.4,358.10 9 1
github.com/jianfengye/hade/gin/tree.go:321.35,322.97 1 1
github.com/jianfengye/hade/gin/tree.go:325.55,326.107 1 1
github.com/jianfengye/hade/gin/tree.go:331.22,332.62 1 1
github.com/jianfengye/hade/gin/tree.go:372.109,375.6 2 1
github.com/jianfengye/hade/gin/tree.go:375.6,376.30 1 1
github.com/jianfengye/hade/gin/tree.go:502.3,505.9 2 1
github.com/jianfengye/hade/gin/tree.go:376.30,377.36 1 1
github.com/jianfengye/hade/gin/tree.go:377.36,382.21 2 1
github.com/jianfengye/hade/gin/tree.go:399.5,400.20 2 1
github.com/jianfengye/hade/gin/tree.go:382.21,384.42 2 1
github.com/jianfengye/hade/gin/tree.go:394.6,395.12 2 1
github.com/jianfengye/hade/gin/tree.go:384.42,385.28 1 1
github.com/jianfengye/hade/gin/tree.go:385.28,387.21 2 1
github.com/jianfengye/hade/gin/tree.go:401.16,404.46 2 1
github.com/jianfengye/hade/gin/tree.go:409.6,409.35 1 1
github.com/jianfengye/hade/gin/tree.go:412.6,416.18 5 1
github.com/jianfengye/hade/gin/tree.go:426.6,426.25 1 1
github.com/jianfengye/hade/gin/tree.go:438.6,438.48 1 1
github.com/jianfengye/hade/gin/tree.go:441.6,441.30 1 1
github.com/jianfengye/hade/gin/tree.go:448.6,448.12 1 1
github.com/jianfengye/hade/gin/tree.go:450.19,452.35 1 1
github.com/jianfengye/hade/gin/tree.go:455.6,458.18 4 1
github.com/jianfengye/hade/gin/tree.go:467.6,468.12 2 1
github.com/jianfengye/hade/gin/tree.go:470.13,471.32 1 1
github.com/jianfengye/hade/gin/tree.go:404.46,406.7 1 1
github.com/jianfengye/hade/gin/tree.go:409.35,411.7 1 1
github.com/jianfengye/hade/gin/tree.go:416.18,418.63 2 1
github.com/jianfengye/hade/gin/tree.go:418.63,420.8 1 1
github.com/jianfengye/hade/gin/tree.go:421.12,423.7 1 1
github.com/jianfengye/hade/gin/tree.go:426.25,427.30 1 1
github.com/jianfengye/hade/gin/tree.go:434.7,435.13 2 1
github.com/jianfengye/hade/gin/tree.go:427.30,430.21 3 1
github.com/jianfengye/hade/gin/tree.go:438.48,440.7 1 1
github.com/jianfengye/hade/gin/tree.go:441.30,446.7 2 1
github.com/jianfengye/hade/gin/tree.go:452.35,454.7 1 1
github.com/jianfengye/hade/gin/tree.go:458.18,460.64 2 1
github.com/jianfengye/hade/gin/tree.go:460.64,462.8 1 1
github.com/jianfengye/hade/gin/tree.go:463.12,465.7 1 1
github.com/jianfengye/hade/gin/tree.go:474.9,474.28 1 1
github.com/jianfengye/hade/gin/tree.go:474.28,477.46 1 1
github.com/jianfengye/hade/gin/tree.go:481.4,481.53 1 1
github.com/jianfengye/hade/gin/tree.go:488.4,488.40 1 1
github.com/jianfengye/hade/gin/tree.go:497.4,497.10 1 1
github.com/jianfengye/hade/gin/tree.go:477.46,479.5 1 1
github.com/jianfengye/hade/gin/tree.go:481.53,484.5 2 1
github.com/jianfengye/hade/gin/tree.go:488.40,489.28 1 1
github.com/jianfengye/hade/gin/tree.go:489.28,494.6 3 1
github.com/jianfengye/hade/gin/tree.go:513.104,517.97 2 1
github.com/jianfengye/hade/gin/tree.go:616.2,616.22 1 1
github.com/jianfengye/hade/gin/tree.go:626.2,626.8 1 1
github.com/jianfengye/hade/gin/tree.go:517.97,521.20 3 1
github.com/jianfengye/hade/gin/tree.go:521.20,525.20 1 1
github.com/jianfengye/hade/gin/tree.go:544.4,545.19 2 1
github.com/jianfengye/hade/gin/tree.go:525.20,527.37 2 1
github.com/jianfengye/hade/gin/tree.go:540.5,541.11 2 1
github.com/jianfengye/hade/gin/tree.go:527.37,530.37 1 1
github.com/jianfengye/hade/gin/tree.go:530.37,532.16 2 1
github.com/jianfengye/hade/gin/tree.go:532.16,534.8 1 1
github.com/jianfengye/hade/gin/tree.go:546.15,549.41 2 1
github.com/jianfengye/hade/gin/tree.go:554.5,557.22 2 1
github.com/jianfengye/hade/gin/tree.go:571.5,571.26 1 1
github.com/jianfengye/hade/gin/tree.go:581.5,581.11 1 1
github.com/jianfengye/hade/gin/tree.go:583.18,584.41 1 1
github.com/jianfengye/hade/gin/tree.go:586.12,587.31 1 1
github.com/jianfengye/hade/gin/tree.go:549.41,551.6 1 1
github.com/jianfengye/hade/gin/tree.go:557.22,558.29 1 1
github.com/jianfengye/hade/gin/tree.go:565.6,565.46 1 1
github.com/jianfengye/hade/gin/tree.go:568.6,568.12 1 1
github.com/jianfengye/hade/gin/tree.go:558.29,561.15 3 1
github.com/jianfengye/hade/gin/tree.go:565.46,567.7 1 1
github.com/jianfengye/hade/gin/tree.go:571.26,573.6 1 1
github.com/jianfengye/hade/gin/tree.go:573.11,573.56 1 1
github.com/jianfengye/hade/gin/tree.go:573.56,577.44 2 1
github.com/jianfengye/hade/gin/tree.go:577.44,579.7 1 1
github.com/jianfengye/hade/gin/tree.go:589.9,592.25 1 1
github.com/jianfengye/hade/gin/tree.go:598.4,598.24 1 1
github.com/jianfengye/hade/gin/tree.go:610.4,610.10 1 1
github.com/jianfengye/hade/gin/tree.go:592.25,594.5 1 1
github.com/jianfengye/hade/gin/tree.go:598.24,599.41 1 1
github.com/jianfengye/hade/gin/tree.go:599.41,600.29 1 1
github.com/jianfengye/hade/gin/tree.go:600.29,603.63 2 1
github.com/jianfengye/hade/gin/tree.go:606.7,606.13 1 1
github.com/jianfengye/hade/gin/tree.go:603.63,605.8 1 1
github.com/jianfengye/hade/gin/tree.go:616.22,617.18 1 1
github.com/jianfengye/hade/gin/tree.go:620.3,622.22 1 1
github.com/jianfengye/hade/gin/tree.go:617.18,619.4 1 1
github.com/jianfengye/hade/gin/tree.go:622.22,624.4 1 1
github.com/jianfengye/hade/gin/recovery.go:30.29,32.2 1 1
github.com/jianfengye/hade/gin/recovery.go:35.52,37.16 2 1
github.com/jianfengye/hade/gin/recovery.go:40.2,40.26 1 1
github.com/jianfengye/hade/gin/recovery.go:37.16,39.3 1 1
github.com/jianfengye/hade/gin/recovery.go:40.26,41.16 1 1
github.com/jianfengye/hade/gin/recovery.go:83.3,83.11 1 1
github.com/jianfengye/hade/gin/recovery.go:41.16,42.36 1 1
github.com/jianfengye/hade/gin/recovery.go:42.36,46.41 2 1
github.com/jianfengye/hade/gin/recovery.go:53.5,53.22 1 1
github.com/jianfengye/hade/gin/recovery.go:75.5,75.19 1 1
github.com/jianfengye/hade/gin/recovery.go:46.41,47.49 1 1
github.com/jianfengye/hade/gin/recovery.go:47.49,48.148 1 1
github.com/jianfengye/hade/gin/recovery.go:48.148,50.8 1 1
github.com/jianfengye/hade/gin/recovery.go:53.22,57.39 4 1
github.com/jianfengye/hade/gin/recovery.go:63.6,63.20 1 1
github.com/jianfengye/hade/gin/recovery.go:57.39,59.40 2 1
github.com/jianfengye/hade/gin/recovery.go:59.40,61.8 1 1
github.com/jianfengye/hade/gin/recovery.go:63.20,65.7 1 1
github.com/jianfengye/hade/gin/recovery.go:65.12,65.30 1 1
github.com/jianfengye/hade/gin/recovery.go:65.30,68.7 1 1
github.com/jianfengye/hade/gin/recovery.go:68.12,71.7 1 1
github.com/jianfengye/hade/gin/recovery.go:75.19,78.6 2 1
github.com/jianfengye/hade/gin/recovery.go:78.11,80.6 1 1
github.com/jianfengye/hade/gin/recovery.go:88.29,94.23 4 1
github.com/jianfengye/hade/gin/recovery.go:111.2,111.20 1 1
github.com/jianfengye/hade/gin/recovery.go:94.23,96.10 2 1
github.com/jianfengye/hade/gin/recovery.go:100.3,101.23 2 1
github.com/jianfengye/hade/gin/recovery.go:109.3,109.68 1 1
github.com/jianfengye/hade/gin/recovery.go:96.10,97.9 1 1
github.com/jianfengye/hade/gin/recovery.go:101.23,103.18 2 1
github.com/jianfengye/hade/gin/recovery.go:106.4,107.19 2 1
github.com/jianfengye/hade/gin/recovery.go:103.18,104.13 1 0
github.com/jianfengye/hade/gin/recovery.go:115.43,117.30 2 1
github.com/jianfengye/hade/gin/recovery.go:120.2,120.34 1 1
github.com/jianfengye/hade/gin/recovery.go:117.30,119.3 1 1
github.com/jianfengye/hade/gin/recovery.go:124.34,126.15 2 1
github.com/jianfengye/hade/gin/recovery.go:129.2,138.63 2 1
github.com/jianfengye/hade/gin/recovery.go:141.2,141.51 1 1
github.com/jianfengye/hade/gin/recovery.go:144.2,145.13 2 1
github.com/jianfengye/hade/gin/recovery.go:126.15,128.3 1 1
github.com/jianfengye/hade/gin/recovery.go:138.63,140.3 1 1
github.com/jianfengye/hade/gin/recovery.go:141.51,143.3 1 1
github.com/jianfengye/hade/gin/recovery.go:148.37,151.2 2 1
github.com/jianfengye/hade/gin/test_helpers.go:10.71,16.2 5 1
github.com/jianfengye/hade/gin/context.go:70.27,78.2 7 1
github.com/jianfengye/hade/gin/context.go:82.35,89.27 7 1
github.com/jianfengye/hade/gin/context.go:92.2,92.12 1 1
github.com/jianfengye/hade/gin/context.go:89.27,91.3 1 1
github.com/jianfengye/hade/gin/context.go:97.40,99.2 1 0
github.com/jianfengye/hade/gin/context.go:103.43,105.33 2 1
github.com/jianfengye/hade/gin/context.go:108.2,108.11 1 1
github.com/jianfengye/hade/gin/context.go:105.33,107.3 1 1
github.com/jianfengye/hade/gin/context.go:112.41,114.2 1 1
github.com/jianfengye/hade/gin/context.go:123.26,125.38 2 1
github.com/jianfengye/hade/gin/context.go:125.38,128.3 2 1
github.com/jianfengye/hade/gin/context.go:132.36,134.2 1 1
github.com/jianfengye/hade/gin/context.go:140.27,142.2 1 1
github.com/jianfengye/hade/gin/context.go:146.45,150.2 3 1
github.com/jianfengye/hade/gin/context.go:155.70,158.2 2 1
github.com/jianfengye/hade/gin/context.go:163.62,166.2 2 1
github.com/jianfengye/hade/gin/context.go:177.43,178.16 1 1
github.com/jianfengye/hade/gin/context.go:182.2,183.9 2 1
github.com/jianfengye/hade/gin/context.go:190.2,191.20 2 1
github.com/jianfengye/hade/gin/context.go:178.16,179.22 1 1
github.com/jianfengye/hade/gin/context.go:183.9,188.3 1 1
github.com/jianfengye/hade/gin/context.go:200.54,201.19 1 1
github.com/jianfengye/hade/gin/context.go:204.2,204.21 1 1
github.com/jianfengye/hade/gin/context.go:201.19,203.3 1 1
github.com/jianfengye/hade/gin/context.go:209.68,212.2 2 1
github.com/jianfengye/hade/gin/context.go:215.51,216.41 1 1
github.com/jianfengye/hade/gin/context.go:219.2,219.45 1 1
github.com/jianfengye/hade/gin/context.go:216.41,218.3 1 1
github.com/jianfengye/hade/gin/context.go:223.52,224.45 1 1
github.com/jianfengye/hade/gin/context.go:227.2,227.8 1 1
github.com/jianfengye/hade/gin/context.go:224.45,226.3 1 1
github.com/jianfengye/hade/gin/context.go:231.48,232.45 1 1
github.com/jianfengye/hade/gin/context.go:235.2,235.8 1 1
github.com/jianfengye/hade/gin/context.go:232.45,234.3 1 1
github.com/jianfengye/hade/gin/context.go:239.46,240.45 1 1
github.com/jianfengye/hade/gin/context.go:243.2,243.8 1 1
github.com/jianfengye/hade/gin/context.go:240.45,242.3 1 1
github.com/jianfengye/hade/gin/context.go:247.52,248.45 1 1
github.com/jianfengye/hade/gin/context.go:251.2,251.8 1 1
github.com/jianfengye/hade/gin/context.go:248.45,250.3 1 1
github.com/jianfengye/hade/gin/context.go:255.56,256.45 1 1
github.com/jianfengye/hade/gin/context.go:259.2,259.8 1 1
github.com/jianfengye/hade/gin/context.go:256.45,258.3 1 1
github.com/jianfengye/hade/gin/context.go:263.53,264.45 1 1
github.com/jianfengye/hade/gin/context.go:267.2,267.8 1 1
github.com/jianfengye/hade/gin/context.go:264.45,266.3 1 1
github.com/jianfengye/hade/gin/context.go:271.61,272.45 1 1
github.com/jianfengye/hade/gin/context.go:275.2,275.8 1 1
github.com/jianfengye/hade/gin/context.go:272.45,274.3 1 1
github.com/jianfengye/hade/gin/context.go:279.60,280.45 1 1
github.com/jianfengye/hade/gin/context.go:283.2,283.8 1 1
github.com/jianfengye/hade/gin/context.go:280.45,282.3 1 1
github.com/jianfengye/hade/gin/context.go:287.72,288.45 1 1
github.com/jianfengye/hade/gin/context.go:291.2,291.8 1 1
github.com/jianfengye/hade/gin/context.go:288.45,290.3 1 1
github.com/jianfengye/hade/gin/context.go:295.74,296.45 1 1
github.com/jianfengye/hade/gin/context.go:299.2,299.8 1 1
github.com/jianfengye/hade/gin/context.go:296.45,298.3 1 1
github.com/jianfengye/hade/gin/context.go:303.82,304.45 1 1
github.com/jianfengye/hade/gin/context.go:307.2,307.8 1 1
github.com/jianfengye/hade/gin/context.go:304.45,306.3 1 1
github.com/jianfengye/hade/gin/context.go:320.44,322.2 1 1
github.com/jianfengye/hade/gin/context.go:332.44,335.2 2 1
github.com/jianfengye/hade/gin/context.go:344.65,345.38 1 1
github.com/jianfengye/hade/gin/context.go:348.2,348.21 1 1
github.com/jianfengye/hade/gin/context.go:345.38,347.3 1 1
github.com/jianfengye/hade/gin/context.go:359.55,360.44 1 1
github.com/jianfengye/hade/gin/context.go:363.2,363.18 1 1
github.com/jianfengye/hade/gin/context.go:360.44,362.3 1 1
github.com/jianfengye/hade/gin/context.go:368.51,371.2 2 1
github.com/jianfengye/hade/gin/context.go:375.62,376.69 1 1
github.com/jianfengye/hade/gin/context.go:379.2,379.26 1 1
github.com/jianfengye/hade/gin/context.go:376.69,378.3 1 1
github.com/jianfengye/hade/gin/context.go:383.58,386.2 2 1
github.com/jianfengye/hade/gin/context.go:390.69,392.2 1 1
github.com/jianfengye/hade/gin/context.go:396.47,399.2 2 1
github.com/jianfengye/hade/gin/context.go:404.68,405.41 1 1
github.com/jianfengye/hade/gin/context.go:408.2,408.21 1 1
github.com/jianfengye/hade/gin/context.go:405.41,407.3 1 1
github.com/jianfengye/hade/gin/context.go:418.58,419.47 1 1
github.com/jianfengye/hade/gin/context.go:422.2,422.18 1 1
github.com/jianfengye/hade/gin/context.go:419.47,421.3 1 1
github.com/jianfengye/hade/gin/context.go:427.54,430.2 2 1
github.com/jianfengye/hade/gin/context.go:434.65,436.76 2 1
github.com/jianfengye/hade/gin/context.go:441.2,441.50 1 1
github.com/jianfengye/hade/gin/context.go:444.2,444.26 1 1
github.com/jianfengye/hade/gin/context.go:436.76,437.34 1 1
github.com/jianfengye/hade/gin/context.go:437.34,439.4 1 0
github.com/jianfengye/hade/gin/context.go:441.50,443.3 1 1
github.com/jianfengye/hade/gin/context.go:448.61,451.2 2 1
github.com/jianfengye/hade/gin/context.go:455.72,457.76 2 1
github.com/jianfengye/hade/gin/context.go:462.2,462.33 1 1
github.com/jianfengye/hade/gin/context.go:457.76,458.34 1 0
github.com/jianfengye/hade/gin/context.go:458.34,460.4 1 0
github.com/jianfengye/hade/gin/context.go:466.84,469.22 3 1
github.com/jianfengye/hade/gin/context.go:477.2,477.21 1 1
github.com/jianfengye/hade/gin/context.go:469.22,470.62 1 1
github.com/jianfengye/hade/gin/context.go:470.62,471.52 1 1
github.com/jianfengye/hade/gin/context.go:471.52,474.5 2 1
github.com/jianfengye/hade/gin/context.go:481.72,482.36 1 1
github.com/jianfengye/hade/gin/context.go:487.2,488.16 2 1
github.com/jianfengye/hade/gin/context.go:482.36,483.83 1 1
github.com/jianfengye/hade/gin/context.go:483.83,485.4 1 1
github.com/jianfengye/hade/gin/context.go:492.60,495.2 2 1
github.com/jianfengye/hade/gin/context.go:498.82,500.16 2 1
github.com/jianfengye/hade/gin/context.go:503.2,506.16 3 1
github.com/jianfengye/hade/gin/context.go:509.2,512.12 3 1
github.com/jianfengye/hade/gin/context.go:500.16,502.3 1 1
github.com/jianfengye/hade/gin/context.go:506.16,508.3 1 1
github.com/jianfengye/hade/gin/context.go:523.47,526.2 2 1
github.com/jianfengye/hade/gin/context.go:529.51,531.2 1 1
github.com/jianfengye/hade/gin/context.go:534.50,536.2 1 1
github.com/jianfengye/hade/gin/context.go:539.52,541.2 1 1
github.com/jianfengye/hade/gin/context.go:544.51,546.2 1 1
github.com/jianfengye/hade/gin/context.go:550.50,551.45 1 1
github.com/jianfengye/hade/gin/context.go:555.2,555.12 1 1
github.com/jianfengye/hade/gin/context.go:551.45,554.3 2 1
github.com/jianfengye/hade/gin/context.go:561.74,562.49 1 1
github.com/jianfengye/hade/gin/context.go:566.2,566.12 1 1
github.com/jianfengye/hade/gin/context.go:562.49,565.3 2 1
github.com/jianfengye/hade/gin/context.go:577.53,580.2 2 1
github.com/jianfengye/hade/gin/context.go:583.57,585.2 1 1
github.com/jianfengye/hade/gin/context.go:588.56,590.2 1 1
github.com/jianfengye/hade/gin/context.go:593.58,595.2 1 1
github.com/jianfengye/hade/gin/context.go:598.57,600.2 1 1
github.com/jianfengye/hade/gin/context.go:603.56,605.29 2 1
github.com/jianfengye/hade/gin/context.go:608.2,608.36 1 1
github.com/jianfengye/hade/gin/context.go:605.29,607.3 1 1
github.com/jianfengye/hade/gin/context.go:613.76,615.2 1 1
github.com/jianfengye/hade/gin/context.go:622.91,624.39 2 1
github.com/jianfengye/hade/gin/context.go:629.2,629.17 1 1
github.com/jianfengye/hade/gin/context.go:636.2,636.31 1 1
github.com/jianfengye/hade/gin/context.go:624.39,625.33 1 1
github.com/jianfengye/hade/gin/context.go:625.33,627.4 1 1
github.com/jianfengye/hade/gin/context.go:629.17,631.17 2 1
github.com/jianfengye/hade/gin/context.go:634.3,634.28 1 1
github.com/jianfengye/hade/gin/context.go:631.17,633.4 1 0
github.com/jianfengye/hade/gin/context.go:642.37,643.34 1 1
github.com/jianfengye/hade/gin/context.go:654.2,654.24 1 1
github.com/jianfengye/hade/gin/context.go:660.2,660.90 1 1
github.com/jianfengye/hade/gin/context.go:664.2,664.11 1 1
github.com/jianfengye/hade/gin/context.go:643.34,646.21 3 1
github.com/jianfengye/hade/gin/context.go:649.3,649.21 1 1
github.com/jianfengye/hade/gin/context.go:646.21,648.4 1 1
github.com/jianfengye/hade/gin/context.go:649.21,651.4 1 1
github.com/jianfengye/hade/gin/context.go:654.24,655.69 1 1
github.com/jianfengye/hade/gin/context.go:655.69,657.4 1 1
github.com/jianfengye/hade/gin/context.go:660.90,662.3 1 1
github.com/jianfengye/hade/gin/context.go:668.40,670.2 1 1
github.com/jianfengye/hade/gin/context.go:674.38,676.62 1 1
github.com/jianfengye/hade/gin/context.go:679.2,679.14 1 1
github.com/jianfengye/hade/gin/context.go:676.62,678.3 1 1
github.com/jianfengye/hade/gin/context.go:682.52,684.2 1 1
github.com/jianfengye/hade/gin/context.go:691.44,692.9 1 1
github.com/jianfengye/hade/gin/context.go:700.2,700.13 1 1
github.com/jianfengye/hade/gin/context.go:693.38,694.15 1 1
github.com/jianfengye/hade/gin/context.go:695.38,696.15 1 1
github.com/jianfengye/hade/gin/context.go:697.40,698.15 1 1
github.com/jianfengye/hade/gin/context.go:704.36,706.2 1 1
github.com/jianfengye/hade/gin/context.go:711.45,712.17 1 1
github.com/jianfengye/hade/gin/context.go:716.2,716.35 1 1
github.com/jianfengye/hade/gin/context.go:712.17,715.3 2 1
github.com/jianfengye/hade/gin/context.go:720.48,722.2 1 1
github.com/jianfengye/hade/gin/context.go:725.48,727.2 1 1
github.com/jianfengye/hade/gin/context.go:732.105,733.16 1 1
github.com/jianfengye/hade/gin/context.go:736.2,744.4 1 1
github.com/jianfengye/hade/gin/context.go:733.16,735.3 1 1
github.com/jianfengye/hade/gin/context.go:751.55,753.16 2 1
github.com/jianfengye/hade/gin/context.go:756.2,757.17 2 1
github.com/jianfengye/hade/gin/context.go:753.16,755.3 1 1
github.com/jianfengye/hade/gin/context.go:761.53,764.33 2 1
github.com/jianfengye/hade/gin/context.go:770.2,770.43 1 1
github.com/jianfengye/hade/gin/context.go:764.33,768.3 3 1
github.com/jianfengye/hade/gin/context.go:770.43,771.13 1 1
github.com/jianfengye/hade/gin/context.go:778.64,781.2 2 1
github.com/jianfengye/hade/gin/context.go:787.59,789.2 1 1
github.com/jianfengye/hade/gin/context.go:794.57,796.2 1 1
github.com/jianfengye/hade/gin/context.go:801.52,803.20 2 1
github.com/jianfengye/hade/gin/context.go:807.2,807.65 1 1
github.com/jianfengye/hade/gin/context.go:803.20,806.3 2 1
github.com/jianfengye/hade/gin/context.go:812.51,814.2 1 1
github.com/jianfengye/hade/gin/context.go:818.56,820.2 1 1
github.com/jianfengye/hade/gin/context.go:824.55,826.2 1 1
github.com/jianfengye/hade/gin/context.go:830.50,832.2 1 1
github.com/jianfengye/hade/gin/context.go:835.51,837.2 1 1
github.com/jianfengye/hade/gin/context.go:840.55,842.2 1 1
github.com/jianfengye/hade/gin/context.go:845.74,847.2 1 1
github.com/jianfengye/hade/gin/context.go:850.55,856.2 1 1
github.com/jianfengye/hade/gin/context.go:859.67,864.2 1 1
github.com/jianfengye/hade/gin/context.go:867.135,874.2 1 1
github.com/jianfengye/hade/gin/context.go:877.41,879.2 1 1
github.com/jianfengye/hade/gin/context.go:883.61,886.2 2 1
github.com/jianfengye/hade/gin/context.go:889.61,894.2 1 1
github.com/jianfengye/hade/gin/context.go:898.60,901.6 3 1
github.com/jianfengye/hade/gin/context.go:901.6,902.10 1 1
github.com/jianfengye/hade/gin/context.go:903.21,904.15 1 1
github.com/jianfengye/hade/gin/context.go:905.11,908.17 3 1
github.com/jianfengye/hade/gin/context.go:908.17,910.5 1 1
github.com/jianfengye/hade/gin/context.go:930.57,931.46 1 1
github.com/jianfengye/hade/gin/context.go:932.24,934.21 2 1
github.com/jianfengye/hade/gin/context.go:936.24,938.38 2 1
github.com/jianfengye/hade/gin/context.go:940.23,942.20 2 1
github.com/jianfengye/hade/gin/context.go:944.10,945.111 1 1
github.com/jianfengye/hade/gin/context.go:950.61,953.23 2 1
github.com/jianfengye/hade/gin/context.go:956.2,956.26 1 1
github.com/jianfengye/hade/gin/context.go:959.2,959.38 1 1
github.com/jianfengye/hade/gin/context.go:977.2,977.11 1 1
github.com/jianfengye/hade/gin/context.go:953.23,955.3 1 1
github.com/jianfengye/hade/gin/context.go:956.26,958.3 1 1
github.com/jianfengye/hade/gin/context.go:959.38,960.34 1 1
github.com/jianfengye/hade/gin/context.go:960.34,964.33 2 1
github.com/jianfengye/hade/gin/context.go:972.4,972.26 1 1
github.com/jianfengye/hade/gin/context.go:964.33,965.47 1 1
github.com/jianfengye/hade/gin/context.go:968.5,968.33 1 1
github.com/jianfengye/hade/gin/context.go:965.47,967.6 1 1
github.com/jianfengye/hade/gin/context.go:968.33,969.11 1 1
github.com/jianfengye/hade/gin/context.go:972.26,974.5 1 1
github.com/jianfengye/hade/gin/context.go:981.50,983.2 1 1
github.com/jianfengye/hade/gin/context.go:992.60,994.2 1 1
github.com/jianfengye/hade/gin/context.go:999.42,1001.2 1 1
github.com/jianfengye/hade/gin/context.go:1009.31,1011.2 1 1
github.com/jianfengye/hade/gin/context.go:1016.54,1017.14 1 1
github.com/jianfengye/hade/gin/context.go:1020.2,1020.41 1 1
github.com/jianfengye/hade/gin/context.go:1024.2,1024.12 1 1
github.com/jianfengye/hade/gin/context.go:1017.14,1019.3 1 1
github.com/jianfengye/hade/gin/context.go:1020.41,1023.3 2 1
github.com/jianfengye/hade/gin/gin.go:35.43,36.34 1 1
github.com/jianfengye/hade/gin/gin.go:39.2,39.12 1 1
github.com/jianfengye/hade/gin/gin.go:36.34,38.3 1 1
github.com/jianfengye/hade/gin/gin.go:124.20,146.39 4 1
github.com/jianfengye/hade/gin/gin.go:149.2,150.15 2 1
github.com/jianfengye/hade/gin/gin.go:146.39,148.3 1 1
github.com/jianfengye/hade/gin/gin.go:154.24,159.2 4 1
github.com/jianfengye/hade/gin/gin.go:161.50,163.2 1 1
github.com/jianfengye/hade/gin/gin.go:166.58,169.2 2 1
github.com/jianfengye/hade/gin/gin.go:172.63,175.2 2 1
github.com/jianfengye/hade/gin/gin.go:179.52,184.19 4 1
github.com/jianfengye/hade/gin/gin.go:190.2,190.31 1 1
github.com/jianfengye/hade/gin/gin.go:184.19,188.3 3 1
github.com/jianfengye/hade/gin/gin.go:195.54,196.19 1 1
github.com/jianfengye/hade/gin/gin.go:201.2,202.31 2 1
github.com/jianfengye/hade/gin/gin.go:196.19,199.3 2 1
github.com/jianfengye/hade/gin/gin.go:206.65,207.27 1 1
github.com/jianfengye/hade/gin/gin.go:211.2,211.82 1 1
github.com/jianfengye/hade/gin/gin.go:207.27,209.3 1 1
github.com/jianfengye/hade/gin/gin.go:215.60,217.2 1 1
github.com/jianfengye/hade/gin/gin.go:220.56,223.2 2 1
github.com/jianfengye/hade/gin/gin.go:226.57,229.2 2 1
github.com/jianfengye/hade/gin/gin.go:234.62,239.2 4 1
github.com/jianfengye/hade/gin/gin.go:241.44,243.2 1 1
github.com/jianfengye/hade/gin/gin.go:245.44,247.2 1 1
github.com/jianfengye/hade/gin/gin.go:249.77,256.17 6 1
github.com/jianfengye/hade/gin/gin.go:260.2,260.31 1 1
github.com/jianfengye/hade/gin/gin.go:256.17,259.3 2 1
github.com/jianfengye/hade/gin/gin.go:265.52,266.36 1 1
github.com/jianfengye/hade/gin/gin.go:269.2,269.15 1 1
github.com/jianfengye/hade/gin/gin.go:266.36,268.3 1 1
github.com/jianfengye/hade/gin/gin.go:272.77,274.28 2 1
github.com/jianfengye/hade/gin/gin.go:283.2,283.38 1 1
github.com/jianfengye/hade/gin/gin.go:286.2,286.15 1 1
github.com/jianfengye/hade/gin/gin.go:274.28,282.3 2 1
github.com/jianfengye/hade/gin/gin.go:283.38,285.3 1 1
github.com/jianfengye/hade/gin/gin.go:292.55,293.15 1 1
github.com/jianfengye/hade/gin/gin.go:295.2,298.8 4 1
github.com/jianfengye/hade/gin/gin.go:293.15,293.39 1 1
github.com/jianfengye/hade/gin/gin.go:304.74,306.15 2 1
github.com/jianfengye/hade/gin/gin.go:308.2,309.8 2 1
github.com/jianfengye/hade/gin/gin.go:306.15,306.39 1 1
github.com/jianfengye/hade/gin/gin.go:315.56,317.15 2 1
github.com/jianfengye/hade/gin/gin.go:319.2,321.16 3 1
github.com/jianfengye/hade/gin/gin.go:324.2,327.8 4 1
github.com/jianfengye/hade/gin/gin.go:317.15,317.39 1 1
github.com/jianfengye/hade/gin/gin.go:321.16,323.3 1 1
github.com/jianfengye/hade/gin/gin.go:333.49,335.15 2 1
github.com/jianfengye/hade/gin/gin.go:337.2,339.16 3 1
github.com/jianfengye/hade/gin/gin.go:342.2,344.8 3 1
github.com/jianfengye/hade/gin/gin.go:335.15,335.39 1 1
github.com/jianfengye/hade/gin/gin.go:339.16,341.3 1 1
github.com/jianfengye/hade/gin/gin.go:348.75,358.2 7 1
github.com/jianfengye/hade/gin/gin.go:363.49,369.2 4 1
github.com/jianfengye/hade/gin/gin.go:371.53,375.57 4 1
github.com/jianfengye/hade/gin/gin.go:379.2,383.38 3 1
github.com/jianfengye/hade/gin/gin.go:409.2,409.35 1 1
github.com/jianfengye/hade/gin/gin.go:421.2,422.52 2 1
github.com/jianfengye/hade/gin/gin.go:375.57,378.3 2 1
github.com/jianfengye/hade/gin/gin.go:383.38,384.32 1 1
github.com/jianfengye/hade/gin/gin.go:387.3,390.22 3 1
github.com/jianfengye/hade/gin/gin.go:397.3,397.46 1 1
github.com/jianfengye/hade/gin/gin.go:406.3,406.8 1 1
github.com/jianfengye/hade/gin/gin.go:384.32,385.12 1 1
github.com/jianfengye/hade/gin/gin.go:390.22,396.4 5 1
github.com/jianfengye/hade/gin/gin.go:397.46,398.43 1 1
github.com/jianfengye/hade/gin/gin.go:402.4,402.88 1 1
github.com/jianfengye/hade/gin/gin.go:398.43,401.5 2 1
github.com/jianfengye/hade/gin/gin.go:402.88,404.5 1 1
github.com/jianfengye/hade/gin/gin.go:409.35,410.37 1 1
github.com/jianfengye/hade/gin/gin.go:410.37,411.33 1 1
github.com/jianfengye/hade/gin/gin.go:414.4,414.83 1 1
github.com/jianfengye/hade/gin/gin.go:411.33,412.13 1 1
github.com/jianfengye/hade/gin/gin.go:414.83,418.5 3 1
github.com/jianfengye/hade/gin/gin.go:427.62,430.27 3 1
github.com/jianfengye/hade/gin/gin.go:433.2,433.34 1 1
github.com/jianfengye/hade/gin/gin.go:441.2,442.8 2 1
github.com/jianfengye/hade/gin/gin.go:430.27,432.3 1 1
github.com/jianfengye/hade/gin/gin.go:433.34,436.17 3 1
github.com/jianfengye/hade/gin/gin.go:439.3,439.9 1 1
github.com/jianfengye/hade/gin/gin.go:436.17,438.4 1 0
github.com/jianfengye/hade/gin/gin.go:445.40,448.85 3 1
github.com/jianfengye/hade/gin/gin.go:451.2,452.25 2 1
github.com/jianfengye/hade/gin/gin.go:456.2,457.56 2 1
github.com/jianfengye/hade/gin/gin.go:460.2,462.30 3 1
github.com/jianfengye/hade/gin/gin.go:448.85,450.3 1 1
github.com/jianfengye/hade/gin/gin.go:452.25,454.3 1 1
github.com/jianfengye/hade/gin/gin.go:457.56,459.3 1 1
github.com/jianfengye/hade/gin/gin.go:465.73,469.88 3 1
github.com/jianfengye/hade/gin/gin.go:480.2,480.14 1 1
github.com/jianfengye/hade/gin/gin.go:469.88,471.26 2 1
github.com/jianfengye/hade/gin/gin.go:474.3,478.14 5 1
github.com/jianfengye/hade/gin/gin.go:471.26,473.4 1 1
github.com/jianfengye/hade/gin/mode.go:46.13,49.2 2 1
github.com/jianfengye/hade/gin/mode.go:52.28,53.15 1 1
github.com/jianfengye/hade/gin/mode.go:63.2,63.17 1 1
github.com/jianfengye/hade/gin/mode.go:66.2,66.18 1 1
github.com/jianfengye/hade/gin/mode.go:54.21,55.22 1 1
github.com/jianfengye/hade/gin/mode.go:56.19,57.24 1 1
github.com/jianfengye/hade/gin/mode.go:58.16,59.21 1 1
github.com/jianfengye/hade/gin/mode.go:60.10,61.38 1 1
github.com/jianfengye/hade/gin/mode.go:63.17,65.3 1 1
github.com/jianfengye/hade/gin/mode.go:70.30,72.2 1 0
github.com/jianfengye/hade/gin/mode.go:76.35,78.2 1 1
github.com/jianfengye/hade/gin/mode.go:81.20,83.2 1 1
github.com/jianfengye/hade/gin/path.go:21.33,23.13 1 1
github.com/jianfengye/hade/gin/path.go:27.2,38.17 5 1
github.com/jianfengye/hade/gin/path.go:44.2,50.12 2 1
github.com/jianfengye/hade/gin/path.go:101.2,101.23 1 1
github.com/jianfengye/hade/gin/path.go:106.2,106.16 1 1
github.com/jianfengye/hade/gin/path.go:109.2,109.24 1 1
github.com/jianfengye/hade/gin/path.go:23.13,25.3 1 1
github.com/jianfengye/hade/gin/path.go:38.17,42.3 3 1
github.com/jianfengye/hade/gin/path.go:50.12,51.10 1 1
github.com/jianfengye/hade/gin/path.go:52.20,54.7 1 1
github.com/jianfengye/hade/gin/path.go:56.32,58.7 2 1
github.com/jianfengye/hade/gin/path.go:60.37,62.10 1 1
github.com/jianfengye/hade/gin/path.go:64.68,68.13 2 1
github.com/jianfengye/hade/gin/path.go:83.11,86.13 1 1
github.com/jianfengye/hade/gin/path.go:92.4,92.29 1 1
github.com/jianfengye/hade/gin/path.go:68.13,72.19 2 1
github.com/jianfengye/hade/gin/path.go:72.19,73.31 1 1
github.com/jianfengye/hade/gin/path.go:73.31,75.7 1 1
github.com/jianfengye/hade/gin/path.go:76.11,77.33 1 1
github.com/jianfengye/hade/gin/path.go:77.33,79.7 1 1
github.com/jianfengye/hade/gin/path.go:86.13,89.5 2 1
github.com/jianfengye/hade/gin/path.go:92.29,96.5 3 1
github.com/jianfengye/hade/gin/path.go:101.23,104.3 2 1
github.com/jianfengye/hade/gin/path.go:106.16,108.3 1 1
github.com/jianfengye/hade/gin/path.go:113.51,114.17 1 1
github.com/jianfengye/hade/gin/path.go:122.2,122.15 1 1
github.com/jianfengye/hade/gin/path.go:114.17,115.16 1 1
github.com/jianfengye/hade/gin/path.go:119.3,120.20 2 1
github.com/jianfengye/hade/gin/path.go:115.16,117.4 1 1
github.com/jianfengye/hade/gin/auth.go:27.70,28.21 1 1
github.com/jianfengye/hade/gin/auth.go:31.2,31.25 1 1
github.com/jianfengye/hade/gin/auth.go:36.2,36.18 1 1
github.com/jianfengye/hade/gin/auth.go:28.21,30.3 1 1
github.com/jianfengye/hade/gin/auth.go:31.25,32.30 1 1
github.com/jianfengye/hade/gin/auth.go:32.30,34.4 1 1
github.com/jianfengye/hade/gin/auth.go:43.69,44.17 1 1
github.com/jianfengye/hade/gin/auth.go:47.2,49.26 3 1
github.com/jianfengye/hade/gin/auth.go:44.17,46.3 1 1
github.com/jianfengye/hade/gin/auth.go:49.26,52.13 2 1
github.com/jianfengye/hade/gin/auth.go:61.3,61.27 1 1
github.com/jianfengye/hade/gin/auth.go:52.13,57.4 3 1
github.com/jianfengye/hade/gin/auth.go:67.47,69.2 1 1
github.com/jianfengye/hade/gin/auth.go:71.51,74.39 3 1
github.com/jianfengye/hade/gin/auth.go:82.2,82.14 1 1
github.com/jianfengye/hade/gin/auth.go:74.39,81.3 3 1
github.com/jianfengye/hade/gin/auth.go:85.56,88.2 2 1
github.com/jianfengye/hade/gin/auth.go:90.47,91.71 1 1
github.com/jianfengye/hade/gin/auth.go:95.2,95.81 1 1
github.com/jianfengye/hade/gin/auth.go:91.71,93.3 1 1
github.com/jianfengye/hade/gin/errors.go:45.51,48.2 2 1
github.com/jianfengye/hade/gin/errors.go:51.52,54.2 2 1
github.com/jianfengye/hade/gin/errors.go:57.38,59.21 2 1
github.com/jianfengye/hade/gin/errors.go:72.2,72.33 1 1
github.com/jianfengye/hade/gin/errors.go:75.2,75.13 1 1
github.com/jianfengye/hade/gin/errors.go:59.21,61.23 2 1
github.com/jianfengye/hade/gin/errors.go:62.23,63.19 1 1
github.com/jianfengye/hade/gin/errors.go:64.20,65.40 1 1
github.com/jianfengye/hade/gin/errors.go:68.11,69.27 1 1
github.com/jianfengye/hade/gin/errors.go:65.40,67.5 1 1
github.com/jianfengye/hade/gin/errors.go:72.33,74.3 1 1
github.com/jianfengye/hade/gin/errors.go:79.49,81.2 1 1
github.com/jianfengye/hade/gin/errors.go:84.33,86.2 1 1
github.com/jianfengye/hade/gin/errors.go:89.48,91.2 1 1
github.com/jianfengye/hade/gin/errors.go:95.52,96.17 1 1
github.com/jianfengye/hade/gin/errors.go:99.2,99.25 1 1
github.com/jianfengye/hade/gin/errors.go:102.2,103.24 2 1
github.com/jianfengye/hade/gin/errors.go:108.2,108.15 1 1
github.com/jianfengye/hade/gin/errors.go:96.17,98.3 1 1
github.com/jianfengye/hade/gin/errors.go:99.25,101.3 1 1
github.com/jianfengye/hade/gin/errors.go:103.24,104.22 1 1
github.com/jianfengye/hade/gin/errors.go:104.22,106.4 1 1
github.com/jianfengye/hade/gin/errors.go:113.34,114.34 1 1
github.com/jianfengye/hade/gin/errors.go:117.2,117.12 1 1
github.com/jianfengye/hade/gin/errors.go:114.34,116.3 1 1
github.com/jianfengye/hade/gin/errors.go:126.38,127.17 1 1
github.com/jianfengye/hade/gin/errors.go:130.2,131.24 2 1
github.com/jianfengye/hade/gin/errors.go:134.2,134.21 1 1
github.com/jianfengye/hade/gin/errors.go:127.17,129.3 1 1
github.com/jianfengye/hade/gin/errors.go:131.24,133.3 1 1
github.com/jianfengye/hade/gin/errors.go:137.39,138.16 1 1
github.com/jianfengye/hade/gin/errors.go:139.9,140.13 1 1
github.com/jianfengye/hade/gin/errors.go:141.9,142.25 1 1
github.com/jianfengye/hade/gin/errors.go:143.10,145.25 2 1
github.com/jianfengye/hade/gin/errors.go:148.3,148.14 1 1
github.com/jianfengye/hade/gin/errors.go:145.25,147.4 1 1
github.com/jianfengye/hade/gin/errors.go:153.50,155.2 1 1
github.com/jianfengye/hade/gin/errors.go:157.36,158.17 1 1
github.com/jianfengye/hade/gin/errors.go:161.2,162.24 2 1
github.com/jianfengye/hade/gin/errors.go:168.2,168.24 1 1
github.com/jianfengye/hade/gin/errors.go:158.17,160.3 1 1
github.com/jianfengye/hade/gin/errors.go:162.24,164.22 2 1
github.com/jianfengye/hade/gin/errors.go:164.22,166.4 1 1
github.com/jianfengye/hade/gin/fs.go:24.59,26.19 2 1
github.com/jianfengye/hade/gin/fs.go:29.2,29.25 1 1
github.com/jianfengye/hade/gin/fs.go:26.19,28.3 1 1
github.com/jianfengye/hade/gin/fs.go:33.60,35.16 2 1
github.com/jianfengye/hade/gin/fs.go:38.2,38.36 1 1
github.com/jianfengye/hade/gin/fs.go:35.16,37.3 1 1
github.com/jianfengye/hade/gin/fs.go:42.72,45.2 1 1
